<?xml version="1.0" encoding="UTF-8"?>
<testsuite name="ch.zhaw.ads.ADS6_4_test" tests="1" skipped="0" failures="0" errors="0" timestamp="2023-10-24T14:24:04" hostname="SURFACE" time="0.032">
  <properties/>
  <testcase name="testBalanced()" classname="ch.zhaw.ads.ADS6_4_test" time="0.032"/>
  <system-out><![CDATA[]]></system-out>
  <system-err><![CDATA[]]></system-err>
</testsuite>
