<?xml version="1.0" encoding="UTF-8"?>
<testsuite name="ch.zhaw.ads.ADS1_4_test" tests="2" skipped="0" failures="0" errors="0" timestamp="2023-09-19T13:33:44" hostname="SURFACE" time="0.033">
  <properties/>
  <testcase name="testXml()" classname="ch.zhaw.ads.ADS1_4_test" time="0.029"/>
  <testcase name="testXmlAttributes()" classname="ch.zhaw.ads.ADS1_4_test" time="0.002"/>
  <system-out><![CDATA[]]></system-out>
  <system-err><![CDATA[]]></system-err>
</testsuite>
