<?xml version="1.0" encoding="UTF-8"?>
<testsuite name="ch.zhaw.ads.ADS3_4_test" tests="1" skipped="0" failures="0" errors="0" timestamp="2023-10-03T12:34:56" hostname="SURFACE" time="0.05">
  <properties/>
  <testcase name="testCreateText()" classname="ch.zhaw.ads.ADS3_4_test" time="0.05"/>
  <system-out><![CDATA[]]></system-out>
  <system-err><![CDATA[]]></system-err>
</testsuite>
