<?xml version="1.0" encoding="UTF-8"?>
<testsuite name="ch.zhaw.ads.ADS2_4_test" tests="4" skipped="0" failures="0" errors="0" timestamp="2023-10-02T20:46:27" hostname="ADRIANSPC" time="0.038">
  <properties/>
  <testcase name="testAdd()" classname="ch.zhaw.ads.ADS2_4_test" time="0.029"/>
  <testcase name="testMixed()" classname="ch.zhaw.ads.ADS2_4_test" time="0.002"/>
  <testcase name="testAdd2()" classname="ch.zhaw.ads.ADS2_4_test" time="0.001"/>
  <testcase name="testAdd3()" classname="ch.zhaw.ads.ADS2_4_test" time="0.002"/>
  <system-out><![CDATA[]]></system-out>
  <system-err><![CDATA[]]></system-err>
</testsuite>
