<?xml version="1.0" encoding="UTF-8"?>
<testsuite name="ch.zhaw.ads.ADS4_1_test" tests="2" skipped="0" failures="0" errors="0" timestamp="2023-10-10T13:06:34" hostname="SURFACE" time="0.052">
  <properties/>
  <testcase name="testCountEdges()" classname="ch.zhaw.ads.ADS4_1_test" time="0.038"/>
  <testcase name="testAngles()" classname="ch.zhaw.ads.ADS4_1_test" time="0.013"/>
  <system-out><![CDATA[]]></system-out>
  <system-err><![CDATA[]]></system-err>
</testsuite>
